[11:16:32] [main/INFO] [com.velocitypowered.proxy.VelocityServer]: Booting up Velocity 3.4.0-SNAPSHOT (git-965db127-b454)...
[11:16:32] [main/INFO] [com.velocitypowered.proxy.VelocityServer]: Loading localizations...
[11:16:32] [main/INFO] [com.velocitypowered.proxy.network.ConnectionManager]: Connections will use epoll channels, libdeflate (Linux x86_64) compression, OpenSSL 1.1.x (Linux x86_64) ciphers
[11:16:32] [main/WARN] [com.velocitypowered.proxy.config.VelocityConfiguration]: The proxy is running in offline mode! This is a security risk and you will NOT receive any support!
[11:16:32] [main/WARN] [com.velocitypowered.proxy.config.VelocityConfiguration]: Player info forwarding is disabled! All players will appear to be connecting from the proxy and will have offline-mode UUIDs.
[11:16:32] [main/INFO] [com.velocitypowered.proxy.VelocityServer]: Loading plugins...
[11:16:32] [main/ERROR] [com.velocitypowered.proxy.console.VelocityConsole]: :>:>:>:>:>:>:>:>:>:>:>:>:>:>:>:>:>:>:>:>:>:>:>
[11:16:32] [main/ERROR] [com.velocitypowered.proxy.console.VelocityConsole]: :>  
[11:16:32] [main/ERROR] [com.velocitypowered.proxy.console.VelocityConsole]: :>      EAGLERCRAFTXVELOCITY WARNING:
[11:16:32] [main/ERROR] [com.velocitypowered.proxy.console.VelocityConsole]: :>  
[11:16:32] [main/ERROR] [com.velocitypowered.proxy.console.VelocityConsole]: :>  This plugin wasn't tested to be 'working'
[11:16:32] [main/ERROR] [com.velocitypowered.proxy.console.VelocityConsole]: :>  with ANY version of Velocity (and forks)
[11:16:32] [main/ERROR] [com.velocitypowered.proxy.console.VelocityConsole]: :>  apart from the versions listed below:
[11:16:32] [main/ERROR] [com.velocitypowered.proxy.console.VelocityConsole]: :>  
[11:16:32] [main/ERROR] [com.velocitypowered.proxy.console.VelocityConsole]: :>  - Velocity: 3.4.0-SNAPSHOT:a33f2d1a:b452
[11:16:32] [main/ERROR] [com.velocitypowered.proxy.console.VelocityConsole]: :>  
[11:16:32] [main/ERROR] [com.velocitypowered.proxy.console.VelocityConsole]: :>  This is not a Bukkit/Spigot plugin!
[11:16:32] [main/ERROR] [com.velocitypowered.proxy.console.VelocityConsole]: :>  
[11:16:32] [main/ERROR] [com.velocitypowered.proxy.console.VelocityConsole]: :>  Use "-Deaglerxvelocity.stfu=true" to hide
[11:16:32] [main/ERROR] [com.velocitypowered.proxy.console.VelocityConsole]: :>  
[11:16:32] [main/ERROR] [com.velocitypowered.proxy.console.VelocityConsole]: :>:>:>:>:>:>:>:>:>:>:>:>:>:>:>:>:>:>:>:>:>:>:>
[11:16:32] [main/INFO] [com.velocitypowered.proxy.plugin.VelocityPluginManager]: Loaded plugin eaglerxvelocity 1.1.5 by lax1dude, ayunami2000
[11:16:32] [main/INFO] [com.velocitypowered.proxy.VelocityServer]: Loaded 2 plugins
[11:16:32] [EaglercraftXVelocity - Task Executor #0/WARN] [eaglerxvelocity]: This plugin is still in development, certain features may not be functional!
[11:16:32] [EaglercraftXVelocity - Task Executor #0/WARN] [eaglerxvelocity]: Not recommended for public servers yet, please check for updates
[11:16:32] [EaglercraftXVelocity - Task Executor #0/INFO] [eaglerxvelocity]: Loading vanilla profile: lax1dude
[11:16:34] [Netty epoll Worker #1/INFO] [eaglerxvelocity]: Loaded vanilla profile: lax1dude
[11:16:34] [EaglercraftXVelocity - Task Executor #0/ERROR] [eaglerxvelocity]: Online mode is set to false! Authentication system has been disabled
[11:16:34] [Netty epoll Boss #0/INFO] [eaglerxvelocity]: Eaglercraft is listening on: /0.0.0.0:8081
[11:16:34] [EaglercraftXVelocity - Task Executor #0/INFO] [eaglerxvelocity]: Connected to database: jdbc:sqlite:eaglercraft_skins_cache.db
[11:16:34] [EaglercraftXVelocity - Task Executor #0/INFO] [eaglerxvelocity]: Voice chat disabled, add "allow_voice: true" to your listeners to enable
[11:16:34] [Netty epoll Boss #1/INFO] [com.velocitypowered.proxy.network.ConnectionManager]: Listening on /[0:0:0:0:0:0:0:0]:25577
[11:16:34] [main/INFO] [com.velocitypowered.proxy.Velocity]: Done (2.71s)!
[11:18:19] [Netty epoll Worker #0/INFO] [eaglerxvelocity]: [/[0:0:0:0:0:0:0:1]:58108]: Connected via websocket
[11:18:19] [Netty epoll Worker #0/INFO] [eaglerxvelocity]: [/[0:0:0:0:0:0:0:1]:58108]: Origin header is https://fictional-memory-97wgjgj4v5572pj4r-8081.app.github.dev
[11:18:19] [Netty epoll Worker #0/INFO] [eaglerxvelocity]: [connected player] Jalen_Brunson_Jr (/[0:0:0:0:0:0:0:1]:58108) has connected
[11:18:19] [Netty epoll Worker #0/INFO] [com.velocitypowered.proxy.connection.MinecraftConnection]: [server connection] Jalen_Brunson_Jr -> lobby has connected
